Determining if the pthread_create exist failed with the following output:
Change Dir: /home/ethankuehler/SchoolWork/cmake-build-debug/CMakeFiles/CMakeTmp

Run Build Command:"/usr/bin/gmake" "cmTC_b76ac/fast"
/usr/bin/gmake -f CMakeFiles/cmTC_b76ac.dir/build.make CMakeFiles/cmTC_b76ac.dir/build
gmake[1]: Entering directory '/home/ethankuehler/SchoolWork/cmake-build-debug/CMakeFiles/CMakeTmp'
Building C object CMakeFiles/cmTC_b76ac.dir/CheckSymbolExists.c.o
/usr/bin/cc     -o CMakeFiles/cmTC_b76ac.dir/CheckSymbolExists.c.o   -c /home/ethankuehler/SchoolWork/cmake-build-debug/CMakeFiles/CMakeTmp/CheckSymbolExists.c
Linking C executable cmTC_b76ac
/home/ethankuehler/.local/share/JetBrains/Toolbox/apps/CLion/ch-0/171.4073.41/bin/cmake/bin/cmake -E cmake_link_script CMakeFiles/cmTC_b76ac.dir/link.txt --verbose=1
/usr/bin/cc       CMakeFiles/cmTC_b76ac.dir/CheckSymbolExists.c.o  -o cmTC_b76ac -rdynamic 
CMakeFiles/cmTC_b76ac.dir/CheckSymbolExists.c.o: In function `main':
CheckSymbolExists.c:(.text+0x16): undefined reference to `pthread_create'
collect2: error: ld returned 1 exit status
CMakeFiles/cmTC_b76ac.dir/build.make:97: recipe for target 'cmTC_b76ac' failed
gmake[1]: *** [cmTC_b76ac] Error 1
gmake[1]: Leaving directory '/home/ethankuehler/SchoolWork/cmake-build-debug/CMakeFiles/CMakeTmp'
Makefile:126: recipe for target 'cmTC_b76ac/fast' failed
gmake: *** [cmTC_b76ac/fast] Error 2

File /home/ethankuehler/SchoolWork/cmake-build-debug/CMakeFiles/CMakeTmp/CheckSymbolExists.c:
/* */
#include <pthread.h>

int main(int argc, char** argv)
{
  (void)argv;
#ifndef pthread_create
  return ((int*)(&pthread_create))[argc];
#else
  (void)argc;
  return 0;
#endif
}

Determining if the function pthread_create exists in the pthreads failed with the following output:
Change Dir: /home/ethankuehler/SchoolWork/cmake-build-debug/CMakeFiles/CMakeTmp

Run Build Command:"/usr/bin/gmake" "cmTC_d0402/fast"
/usr/bin/gmake -f CMakeFiles/cmTC_d0402.dir/build.make CMakeFiles/cmTC_d0402.dir/build
gmake[1]: Entering directory '/home/ethankuehler/SchoolWork/cmake-build-debug/CMakeFiles/CMakeTmp'
Building C object CMakeFiles/cmTC_d0402.dir/CheckFunctionExists.c.o
/usr/bin/cc    -DCHECK_FUNCTION_EXISTS=pthread_create   -o CMakeFiles/cmTC_d0402.dir/CheckFunctionExists.c.o   -c /home/ethankuehler/.local/share/JetBrains/Toolbox/apps/CLion/ch-0/171.4073.41/bin/cmake/share/cmake-3.7/Modules/CheckFunctionExists.c
Linking C executable cmTC_d0402
/home/ethankuehler/.local/share/JetBrains/Toolbox/apps/CLion/ch-0/171.4073.41/bin/cmake/bin/cmake -E cmake_link_script CMakeFiles/cmTC_d0402.dir/link.txt --verbose=1
/usr/bin/cc   -DCHECK_FUNCTION_EXISTS=pthread_create    CMakeFiles/cmTC_d0402.dir/CheckFunctionExists.c.o  -o cmTC_d0402 -rdynamic -lpthreads 
/usr/bin/ld: cannot find -lpthreads
collect2: error: ld returned 1 exit status
CMakeFiles/cmTC_d0402.dir/build.make:97: recipe for target 'cmTC_d0402' failed
gmake[1]: *** [cmTC_d0402] Error 1
gmake[1]: Leaving directory '/home/ethankuehler/SchoolWork/cmake-build-debug/CMakeFiles/CMakeTmp'
Makefile:126: recipe for target 'cmTC_d0402/fast' failed
gmake: *** [cmTC_d0402/fast] Error 2


